<?xml version="1.0" encoding="UTF-8"?>
<testsuite xmlns:xsi="http://www.w3.org/2001/XMLSchema-instance" xsi:noNamespaceSchemaLocation="https://maven.apache.org/surefire/maven-surefire-plugin/xsd/surefire-test-report.xsd" name="com.autoscout.challenge.util.UtilityTest" time="0" tests="3" errors="0" skipped="0" failures="0">
  <properties>
[...]
</properties>
  <testcase name="testMileageFormat" classname="com.autoscout.challenge.util.UtilityTest" time="0"/>
  <testcase name="testPercentageFormat" classname="com.autoscout.challenge.util.UtilityTest" time="0"/>
  <testcase name="testPriceFormat" classname="com.autoscout.challenge.util.UtilityTest" time="0"/>
</testsuite>